<?xml version="1.0" encoding="UTF-8"?>
<!-- Generated by org.testng.reporters.JUnitReportReporter -->
<testsuite skipped="0" hostname="DESKTOP-OM6LE3U" name="JuiceShopTest" tests="1" failures="0" timestamp="05 Jun 2020 12:12:19 GMT" time="1.486" errors="0">
  <testcase name="newUserCreation" time="1.486" classname="JuiceShopTest"/>
</testsuite> <!-- JuiceShopTest -->
